SignalR.Transports.TransportHeartBeat Information: 0 : Connection is New=(http://localhost:40476/Raw/Raw/connect?transport=serverSentEvents&connectionId=5a9e2481-8299-41f7-9cab-52402e8c6c93&tid=3).
SignalR.Transports.TransportHeartBeat Information: 0 : Removing connection 5a9e2481-8299-41f7-9cab-52402e8c6c93
SignalR.Transports.TransportHeartBeat Information: 0 : Connection is New=(http://localhost:40476/Raw/Raw/connect?transport=serverSentEvents&connectionId=ff4553f2-c71b-407d-94ed-fe0566f12a74&tid=7).
SignalR.Transports.TransportHeartBeat Information: 0 : Removing connection ff4553f2-c71b-407d-94ed-fe0566f12a74
SignalR.Transports.TransportHeartBeat Information: 0 : Connection is New=(http://localhost:40476/signalr/signalr/connect?transport=serverSentEvents&connectionId=1335938b-45d7-4d92-9533-25bc615c4e7e&connectionData=[{"name":"demo"}]&tid=7).
SignalR.Transports.TransportHeartBeat Information: 0 : Removing connection 1335938b-45d7-4d92-9533-25bc615c4e7e
SignalR.Transports.TransportHeartBeat Information: 0 : Connection is New=(http://localhost:40476/signalr/signalr/connect?transport=serverSentEvents&connectionId=3015b03c-7043-4d5d-b6ab-cbe5ed020fa2&connectionData=[{"name":"chat"}]&tid=2).
SignalR.Transports.TransportHeartBeat Information: 0 : Removing connection 3015b03c-7043-4d5d-b6ab-cbe5ed020fa2
SignalR.Transports.TransportHeartBeat Information: 0 : Connection is New=(http://localhost:40476/Raw/Raw/connect?transport=serverSentEvents&connectionId=75a32ec4-30f1-4afe-b436-67f05d62534b&tid=8).
SignalR.Transports.TransportHeartBeat Information: 0 : timer handler took longer than current interval
SignalR.Transports.TransportHeartBeat Information: 0 : Removing connection 75a32ec4-30f1-4afe-b436-67f05d62534b
SignalR.Transports.TransportHeartBeat Information: 0 : Connection is New=(http://localhost:40476/Raw/Raw/connect?transport=serverSentEvents&connectionId=03a740d4-3c00-43ed-b310-e48d32917c21&tid=1).
SignalR.Transports.TransportHeartBeat Information: 0 : Removing connection 03a740d4-3c00-43ed-b310-e48d32917c21
SignalR.Transports.TransportHeartBeat Information: 0 : Connection is New=(http://localhost:40476/signalr/signalr/connect?transport=serverSentEvents&connectionId=09ed3b1e-36aa-4359-a536-276c3aa65b95&connectionData=[{"name":"hubbench"}]&tid=1).
SignalR.Transports.TransportHeartBeat Information: 0 : Connection is New=(http://localhost:40476/signalr/signalr/connect?transport=serverSentEvents&connectionId=5dc0a2aa-fd16-467a-a406-9c9449133880&connectionData=[{"name":"hubbench"}]&tid=5).
SignalR.Transports.TransportHeartBeat Information: 0 : Removing connection 09ed3b1e-36aa-4359-a536-276c3aa65b95
SignalR.Transports.TransportHeartBeat Information: 0 : Removing connection 5dc0a2aa-fd16-467a-a406-9c9449133880
SignalR.Transports.TransportHeartBeat Information: 0 : Connection is New=(http://localhost:40476/signalr/signalr/connect?transport=serverSentEvents&connectionId=e37ea1d3-40c6-4bfc-afcb-e3b3ccee84f4&connectionData=[{"name":"shapeshare"}]&tid=5).
SignalR.Transports.TransportHeartBeat Information: 0 : Removing connection e37ea1d3-40c6-4bfc-afcb-e3b3ccee84f4
SignalR.Transports.TransportHeartBeat Information: 0 : Connection is New=(http://localhost:40476/signalr/signalr/connect?transport=serverSentEvents&connectionId=774e7d82-e11a-4988-ae33-bec0da6ed5dd&connectionData=[{"name":"status"}]&tid=3).
SignalR.Transports.TransportHeartBeat Information: 0 : Removing connection 774e7d82-e11a-4988-ae33-bec0da6ed5dd
SignalR.Transports.TransportHeartBeat Information: 0 : Connection is New=(http://localhost:40476/Raw/Raw/connect?transport=serverSentEvents&connectionId=0d265747-db29-414c-b665-c0066b5427cf&tid=1).
SignalR.Transports.TransportHeartBeat Information: 0 : Removing connection 0d265747-db29-414c-b665-c0066b5427cf
SignalR.Transports.TransportHeartBeat Information: 0 : Connection is New=(http://localhost:40476/signalr/signalr/connect?transport=serverSentEvents&connectionId=c38699c7-ab5e-4eea-8d4a-e8128526d373&connectionData=[{"name":"hubbench"}]&tid=5).
SignalR.Transports.TransportHeartBeat Information: 0 : Connection is New=(http://localhost:40476/signalr/signalr/connect?transport=serverSentEvents&connectionId=4287b3cc-182d-49b1-9963-207ab2f19dcf&connectionData=[{"name":"demo"}]&tid=6).
SignalR.Transports.TransportHeartBeat Information: 0 : Removing connection 4287b3cc-182d-49b1-9963-207ab2f19dcf
SignalR.Transports.TransportHeartBeat Information: 0 : Removing connection c38699c7-ab5e-4eea-8d4a-e8128526d373
SignalR.Transports.TransportHeartBeat Information: 0 : Connection is New=(http://localhost:40476/echo/connect?transport=serverSentEvents&connectionId=6fcc6c67-af0d-49cb-bb03-99222ad5a95b).
SignalR.Transports.TransportHeartBeat Information: 0 : Connection is New=(http://localhost:40476/echo/connect?transport=serverSentEvents&connectionId=b7f278f6-e4f5-47f0-b73d-fc88f89d897d&tid=6).
SignalR.Transports.TransportHeartBeat Information: 0 : Removing connection b7f278f6-e4f5-47f0-b73d-fc88f89d897d
SignalR.Transports.TransportHeartBeat Information: 0 : Connection is New=(http://localhost:40476/echo/connect?transport=serverSentEvents&connectionId=cfb7fac7-3b57-4568-9dc3-77467d90b5be&tid=6).
SignalR.Transports.TransportHeartBeat Information: 0 : Removing connection 6fcc6c67-af0d-49cb-bb03-99222ad5a95b
SignalR.Transports.TransportHeartBeat Information: 0 : Connection is New=(http://localhost:40476/echo/connect?transport=serverSentEvents&connectionId=91f3e68d-455a-431f-a899-d38b7f9c5cde).
SignalR.Transports.TransportHeartBeat Information: 0 : Removing connection cfb7fac7-3b57-4568-9dc3-77467d90b5be
SignalR.Transports.TransportHeartBeat Information: 0 : Removing connection 91f3e68d-455a-431f-a899-d38b7f9c5cde
SignalR.Transports.TransportHeartBeat Information: 0 : Connection is New=(http://localhost:40476/echo/connect?transport=serverSentEvents&connectionId=504b770f-7f96-4054-98ce-c58907044f8b&tid=2).
SignalR.Transports.TransportHeartBeat Information: 0 : Connection is New=(http://localhost:40476/Raw/Raw/connect?transport=serverSentEvents&connectionId=a63591bc-b2ce-48ae-9662-cff3e3236f98&tid=1).
